-9.65217 8.42126e-39
-9.47826 2.02182e-37
-9.30435 4.55746e-36
-9.13043 9.64211e-35
-8.95652 1.91392e-33
-8.78261 3.56269e-32
-8.6087 6.21568e-31
-8.43478 1.01569e-29
-8.26087 1.55317e-28
-8.08696 2.22023e-27
-7.91304 2.96273e-26
-7.73913 3.68386e-25
-7.56522 4.25738e-24
-7.3913 4.557e-23
-7.21739 4.49419e-22
-7.04348 4.0506e-21
-6.86957 3.29056e-20
-6.69565 2.34626e-19
-6.52174 1.38022e-18
-6.34783 5.39568e-18
-6.17391 -8.01853e-18
-6 -4.49738e-16
-5.82609 -5.97604e-15
-5.65217 -5.86659e-14
-5.47826 -4.87655e-13
-5.30435 -3.59438e-12
-5.13043 -2.39964e-11
-4.95652 -1.46789e-10
-4.78261 -8.28488e-10
-4.6087 -4.33388e-09
-4.43478 -2.10764e-08
-4.26087 -9.54957e-08
-4.08696 -4.03753e-07
-3.91304 -1.59474e-06
-3.73913 -5.88949e-06
-3.56522 -2.0349e-05
-3.3913 -6.58079e-05
-3.21739 -0.000199254
-3.04348 -0.00056493
-2.86957 -0.00149988
-2.69565 -0.00372866
-2.52174 -0.00867738
-2.34783 -0.0188976
-2.17391 -0.0384924
-2 -0.0732776
-1.82609 -0.130243
-1.65217 -0.215833
-1.47826 -0.332837
-1.30435 -0.476348
-1.13043 -0.630225
-0.956522 -0.766237
-0.782609 -0.847924
-0.608696 -0.839658
-0.434783 -0.718833
-0.26087 -0.48664
-0.0869565 -0.172306
0.0869565 0.172306
0.26087 0.48664
0.434783 0.718833
0.608696 0.839658
0.782609 0.847924
0.956522 0.766237
1.13043 0.630225
1.30435 0.476348
1.47826 0.332837
1.65217 0.215833
1.82609 0.130243
2 0.0732776
2.17391 0.0384924
2.34783 0.0188976
2.52174 0.00867738
2.69565 0.00372866
2.86957 0.00149988
3.04348 0.00056493
3.21739 0.000199254
3.3913 6.58079e-05
3.56522 2.0349e-05
3.73913 5.88949e-06
3.91304 1.59474e-06
4.08696 4.03753e-07
4.26087 9.54957e-08
4.43478 2.10764e-08
4.6087 4.33388e-09
4.78261 8.28488e-10
4.95652 1.46789e-10
5.13043 2.39964e-11
5.30435 3.59438e-12
5.47826 4.87655e-13
5.65217 5.86659e-14
5.82609 5.97604e-15
6 4.49738e-16
6.17391 8.01853e-18
6.34783 -5.39568e-18
6.52174 -1.38022e-18
6.69565 -2.34626e-19
6.86957 -3.29056e-20
7.04348 -4.0506e-21
7.21739 -4.49419e-22
7.3913 -4.557e-23
7.56522 -4.25738e-24
7.73913 -3.68386e-25
7.91304 -2.96273e-26
8.08696 -2.22023e-27
8.26087 -1.55317e-28
8.43478 -1.01569e-29
8.6087 -6.21568e-31
8.78261 -3.56269e-32
8.95652 -1.91392e-33
9.13043 -9.64211e-35
9.30435 -4.55746e-36
9.47826 -2.02182e-37
