-10 1.09778e-42
-9.9631 2.28121e-42
-9.9262 4.72744e-42
-9.8893 9.7701e-42
-9.8524 2.01365e-41
-9.8155 4.13884e-41
-9.7786 8.48371e-41
-9.7417 1.73422e-40
-9.7048 3.53536e-40
-9.6679 7.18744e-40
-9.631 1.45722e-39
-9.5941 2.94639e-39
-9.5572 5.94106e-39
-9.5203 1.19467e-38
-9.48339 2.39577e-38
-9.44649 4.7913e-38
-9.40959 9.5559e-38
-9.37269 1.90064e-37
-9.33579 3.76999e-37
-9.29889 7.45746e-37
-9.26199 1.47114e-36
-9.22509 2.89417e-36
-9.18819 5.67815e-36
-9.15129 1.11096e-35
-9.11439 2.16772e-35
-9.07749 4.21811e-35
-9.04059 8.18544e-35
-9.00369 1.58408e-34
-8.96679 3.05718e-34
-8.92989 5.88406e-34
-8.89299 1.12938e-33
-8.85609 2.16181e-33
-8.81919 4.12669e-33
-8.78229 7.85593e-33
-8.74539 1.49143e-32
-8.70849 2.82369e-32
-8.67159 5.33141e-32
-8.63469 1.00387e-31
-8.59779 1.88504e-31
-8.56089 3.52999e-31
-8.52399 6.59228e-31
-8.48708 1.22774e-30
-8.45018 2.28029e-30
-8.41328 4.22357e-30
-8.37638 7.80153e-30
-8.33948 1.43711e-29
-8.30258 2.64002e-29
-8.26568 4.83653e-29
-8.22878 8.83628e-29
-8.19188 1.60996e-28
-8.15498 2.92528e-28
-8.11808 5.30065e-28
-8.08118 9.57855e-28
-8.04428 1.72615e-27
-8.00738 3.10217e-27
-7.97048 5.55983e-27
-7.93358 9.93723e-27
-7.89668 1.77124e-26
-7.85978 3.14845e-26
-7.82288 5.58117e-26
-7.78598 9.86645e-26
-7.74908 1.73942e-25
-7.71218 3.05813e-25
-7.67528 5.36185e-25
-7.63838 9.3752e-25
-7.60148 1.63476e-24
-7.56458 2.84273e-24
-7.52768 4.92973e-24
-7.49077 8.52547e-24
-7.45387 1.47035e-23
-7.41697 2.52889e-23
-7.38007 4.33755e-23
-7.34317 7.41937e-23
-7.30627 1.2656e-22
-7.26937 2.15294e-22
-7.23247 3.65236e-22
-7.19557 6.17904e-22
-7.15867 1.0425e-21
-7.12177 1.75402e-21
-7.08487 2.94307e-21
-7.04797 4.92461e-21
-7.01107 8.21768e-21
-6.97417 1.36751e-20
-6.93727 2.26944e-20
-6.90037 3.75589e-20
-6.86347 6.19884e-20
-6.82657 1.02027e-19
-6.78967 1.67464e-19
-6.75277 2.74116e-19
-6.71587 4.47457e-19
-6.67897 7.28405e-19
-6.64207 1.18249e-18
-6.60517 1.91438e-18
-6.56827 3.09074e-18
-6.53137 4.97622e-18
-6.49446 7.98988e-18
-6.45756 1.27934e-17
-6.42066 2.04283e-17
-6.38376 3.253e-17
-6.34686 5.1658e-17
-6.30996 8.18078e-17
-6.27306 1.29197e-16
-6.23616 2.03477e-16
-6.19926 3.1958e-16
-6.16236 5.00548e-16
-6.12546 7.81833e-16
-6.08856 1.21782e-15
-6.05166 1.89171e-15
-6.01476 2.93041e-15
-5.97786 4.52691e-15
-5.94096 6.97391e-15
-5.90406 1.0714e-14
-5.86716 1.64145e-14
-5.83026 2.50786e-14
-5.79336 3.82102e-14
-5.75646 5.80571e-14
-5.71956 8.79693e-14
-5.68266 1.32925e-13
-5.64576 2.003e-13
-5.60886 3.00991e-13
-5.57196 4.5105e-13
-5.53506 6.74054e-13
-5.49815 1.00453e-12
-5.46125 1.49289e-12
-5.42435 2.21255e-12
-5.38745 3.27004e-12
-5.35055 4.8196e-12
-5.31365 7.0838e-12
-5.27675 1.03829e-11
-5.23985 1.51763e-11
-5.20295 2.21212e-11
-5.16605 3.21549e-11
-5.12915 4.66102e-11
-5.09225 6.73767e-11
-5.05535 9.71255e-11
-5.01845 1.39621e-10
-4.98155 2.00153e-10
-4.94465 2.86133e-10
-4.90775 4.07912e-10
-4.87085 5.79907e-10
-4.83395 8.22133e-10
-4.79705 1.1623e-09
-4.76015 1.63865e-09
-4.72325 2.3038e-09
-4.68635 3.22993e-09
-4.64945 4.51579e-09
-4.61255 6.29599e-09
-4.57565 8.75353e-09
-4.53875 1.21365e-08
-4.50185 1.67799e-08
-4.46494 2.31353e-08
-4.42804 3.18088e-08
-4.39114 4.36122e-08
-4.35424 5.96286e-08
-4.31734 8.12995e-08
-4.28044 1.10537e-07
-4.24354 1.49868e-07
-4.20664 2.02627e-07
-4.16974 2.73193e-07
-4.13284 3.67303e-07
-4.09594 4.9245e-07
-4.05904 6.58388e-07
-4.02214 8.77775e-07
-3.98524 1.16698e-06
-3.94834 1.54713e-06
-3.91144 2.04535e-06
-3.87454 2.69642e-06
-3.83764 3.54474e-06
-3.80074 4.64685e-06
-3.76384 6.07448e-06
-3.72694 7.91836e-06
-3.69004 1.02929e-05
-3.65314 1.33417e-05
-3.61624 1.72448e-05
-3.57934 2.22267e-05
-3.54244 2.85671e-05
-3.50554 3.66122e-05
-3.46863 4.67901e-05
-3.43173 5.96281e-05
-3.39483 7.57729e-05
-3.35793 9.60159e-05
-3.32103 0.000121321
-3.28413 0.00015286
-3.24723 0.000192049
-3.21033 0.000240598
-3.17343 0.000300561
-3.13653 0.000374395
-3.09963 0.000465033
-3.06273 0.000575961
-3.02583 0.000711306
-2.98893 0.000875936
-2.95203 0.00107557
-2.91513 0.0013169
-2.87823 0.00160774
-2.84133 0.00195714
-2.80443 0.0023756
-2.76753 0.00287518
-2.73063 0.00346973
-2.69373 0.00417508
-2.65683 0.00500919
-2.61993 0.00599244
-2.58303 0.00714776
-2.54613 0.00850088
-2.50923 0.0100805
-2.47232 0.0119186
-2.43542 0.0140502
-2.39852 0.0165143
-2.36162 0.0193531
-2.32472 0.0226126
-2.28782 0.0263424
-2.25092 0.030596
-2.21402 0.0354301
-2.17712 0.0409049
-2.14022 0.0470835
-2.10332 0.0540316
-2.06642 0.0618171
-2.02952 0.0705092
-1.99262 0.0801779
-1.95572 0.0908928
-1.91882 0.102722
-1.88192 0.115732
-1.84502 0.129983
-1.80812 0.145534
-1.77122 0.162432
-1.73432 0.18072
-1.69742 0.200427
-1.66052 0.221572
-1.62362 0.244158
-1.58672 0.268173
-1.54982 0.293587
-1.51292 0.320349
-1.47601 0.348388
-1.43911 0.377608
-1.40221 0.407892
-1.36531 0.439093
-1.32841 0.471042
-1.29151 0.503542
-1.25461 0.536369
-1.21771 0.569276
-1.18081 0.601988
-1.14391 0.63421
-1.10701 0.665622
-1.07011 0.695891
-1.03321 0.724665
-0.99631 0.751582
-0.95941 0.776272
-0.922509 0.798364
-0.885609 0.817487
-0.848708 0.833281
-0.811808 0.845398
-0.774908 0.853508
-0.738007 0.857308
-0.701107 0.856526
-0.664207 0.850924
-0.627306 0.840307
-0.590406 0.824526
-0.553506 0.803484
-0.516605 0.777136
-0.479705 0.745496
-0.442804 0.708634
-0.405904 0.666685
-0.369004 0.619839
-0.332103 0.568351
-0.295203 0.512529
-0.258303 0.452738
-0.221402 0.389396
-0.184502 0.322963
-0.147601 0.253944
-0.110701 0.182876
-0.0738007 0.110325
-0.0369004 0.0368753
0 -0.0368753
0.0369004 -0.110325
0.0738007 -0.182876
0.110701 -0.253944
0.147601 -0.322963
0.184502 -0.389396
0.221402 -0.452738
0.258303 -0.512529
0.295203 -0.568351
0.332103 -0.619839
0.369004 -0.666685
0.405904 -0.708634
0.442804 -0.745496
0.479705 -0.777136
0.516605 -0.803484
0.553506 -0.824526
0.590406 -0.840307
0.627306 -0.850924
0.664207 -0.856526
0.701107 -0.857308
0.738007 -0.853508
0.774908 -0.845398
0.811808 -0.833281
0.848708 -0.817487
0.885609 -0.798364
0.922509 -0.776272
0.95941 -0.751582
0.99631 -0.724665
1.03321 -0.695891
1.07011 -0.665622
1.10701 -0.63421
1.14391 -0.601988
1.18081 -0.569276
1.21771 -0.536369
1.25461 -0.503542
1.29151 -0.471042
1.32841 -0.439093
1.36531 -0.407892
1.40221 -0.377608
1.43911 -0.348388
1.47601 -0.320349
1.51292 -0.293587
1.54982 -0.268173
1.58672 -0.244158
1.62362 -0.221572
1.66052 -0.200427
1.69742 -0.18072
1.73432 -0.162432
1.77122 -0.145534
1.80812 -0.129983
1.84502 -0.115732
1.88192 -0.102722
1.91882 -0.0908928
1.95572 -0.0801779
1.99262 -0.0705092
2.02952 -0.0618171
2.06642 -0.0540316
2.10332 -0.0470835
2.14022 -0.0409049
2.17712 -0.0354301
2.21402 -0.030596
2.25092 -0.0263424
2.28782 -0.0226126
2.32472 -0.0193531
2.36162 -0.0165143
2.39852 -0.0140502
2.43542 -0.0119186
2.47232 -0.0100805
2.50923 -0.00850088
2.54613 -0.00714776
2.58303 -0.00599244
2.61993 -0.00500919
2.65683 -0.00417508
2.69373 -0.00346973
2.73063 -0.00287518
2.76753 -0.0023756
2.80443 -0.00195714
2.84133 -0.00160774
2.87823 -0.0013169
2.91513 -0.00107557
2.95203 -0.000875936
2.98893 -0.000711306
3.02583 -0.000575961
3.06273 -0.000465033
3.09963 -0.000374395
3.13653 -0.000300561
3.17343 -0.000240598
3.21033 -0.000192049
3.24723 -0.00015286
3.28413 -0.000121321
3.32103 -9.60159e-05
3.35793 -7.57729e-05
3.39483 -5.96281e-05
3.43173 -4.67901e-05
3.46863 -3.66122e-05
3.50554 -2.85671e-05
3.54244 -2.22267e-05
3.57934 -1.72448e-05
3.61624 -1.33417e-05
3.65314 -1.02929e-05
3.69004 -7.91836e-06
3.72694 -6.07448e-06
3.76384 -4.64685e-06
3.80074 -3.54474e-06
3.83764 -2.69642e-06
3.87454 -2.04535e-06
3.91144 -1.54713e-06
3.94834 -1.16698e-06
3.98524 -8.77775e-07
4.02214 -6.58388e-07
4.05904 -4.9245e-07
4.09594 -3.67303e-07
4.13284 -2.73193e-07
4.16974 -2.02627e-07
4.20664 -1.49868e-07
4.24354 -1.10537e-07
4.28044 -8.12995e-08
4.31734 -5.96286e-08
4.35424 -4.36122e-08
4.39114 -3.18088e-08
4.42804 -2.31353e-08
4.46494 -1.67799e-08
4.50185 -1.21365e-08
4.53875 -8.75353e-09
4.57565 -6.29599e-09
4.61255 -4.51579e-09
4.64945 -3.22993e-09
4.68635 -2.3038e-09
4.72325 -1.63865e-09
4.76015 -1.1623e-09
4.79705 -8.22133e-10
4.83395 -5.79907e-10
4.87085 -4.07912e-10
4.90775 -2.86133e-10
4.94465 -2.00153e-10
4.98155 -1.39621e-10
5.01845 -9.71255e-11
5.05535 -6.73767e-11
5.09225 -4.66102e-11
5.12915 -3.21549e-11
5.16605 -2.21212e-11
5.20295 -1.51763e-11
5.23985 -1.03829e-11
5.27675 -7.0838e-12
5.31365 -4.8196e-12
5.35055 -3.27004e-12
5.38745 -2.21255e-12
5.42435 -1.49289e-12
5.46125 -1.00453e-12
5.49815 -6.74054e-13
5.53506 -4.5105e-13
5.57196 -3.00991e-13
5.60886 -2.003e-13
5.64576 -1.32925e-13
5.68266 -8.79693e-14
5.71956 -5.80571e-14
5.75646 -3.82102e-14
5.79336 -2.50786e-14
5.83026 -1.64145e-14
5.86716 -1.0714e-14
5.90406 -6.97391e-15
5.94096 -4.52691e-15
5.97786 -2.93041e-15
6.01476 -1.89171e-15
6.05166 -1.21782e-15
6.08856 -7.81833e-16
6.12546 -5.00548e-16
6.16236 -3.1958e-16
6.19926 -2.03477e-16
6.23616 -1.29197e-16
6.27306 -8.18078e-17
6.30996 -5.1658e-17
6.34686 -3.253e-17
6.38376 -2.04283e-17
6.42066 -1.27934e-17
6.45756 -7.98988e-18
6.49446 -4.97622e-18
6.53137 -3.09074e-18
6.56827 -1.91438e-18
6.60517 -1.18249e-18
6.64207 -7.28405e-19
6.67897 -4.47457e-19
6.71587 -2.74116e-19
6.75277 -1.67464e-19
6.78967 -1.02027e-19
6.82657 -6.19884e-20
6.86347 -3.75589e-20
6.90037 -2.26944e-20
6.93727 -1.36751e-20
6.97417 -8.21768e-21
7.01107 -4.92461e-21
7.04797 -2.94307e-21
7.08487 -1.75402e-21
7.12177 -1.0425e-21
7.15867 -6.17904e-22
7.19557 -3.65236e-22
7.23247 -2.15294e-22
7.26937 -1.2656e-22
7.30627 -7.41937e-23
7.34317 -4.33755e-23
7.38007 -2.52889e-23
7.41697 -1.47035e-23
7.45387 -8.52547e-24
7.49077 -4.92973e-24
7.52768 -2.84273e-24
7.56458 -1.63476e-24
7.60148 -9.3752e-25
7.63838 -5.36185e-25
7.67528 -3.05813e-25
7.71218 -1.73942e-25
7.74908 -9.86645e-26
7.78598 -5.58117e-26
7.82288 -3.14845e-26
7.85978 -1.77124e-26
7.89668 -9.93723e-27
7.93358 -5.55983e-27
7.97048 -3.10217e-27
8.00738 -1.72615e-27
8.04428 -9.57855e-28
8.08118 -5.30065e-28
8.11808 -2.92528e-28
8.15498 -1.60996e-28
8.19188 -8.83628e-29
8.22878 -4.83653e-29
8.26568 -2.64002e-29
8.30258 -1.43711e-29
8.33948 -7.80153e-30
8.37638 -4.22357e-30
8.41328 -2.28029e-30
8.45018 -1.22774e-30
8.48708 -6.59228e-31
8.52399 -3.52999e-31
8.56089 -1.88504e-31
8.59779 -1.00387e-31
8.63469 -5.33141e-32
8.67159 -2.82369e-32
8.70849 -1.49143e-32
8.74539 -7.85593e-33
8.78229 -4.12669e-33
8.81919 -2.16181e-33
8.85609 -1.12938e-33
8.89299 -5.88406e-34
8.92989 -3.05718e-34
8.96679 -1.58408e-34
9.00369 -8.18544e-35
9.04059 -4.21811e-35
9.07749 -2.16772e-35
9.11439 -1.11096e-35
9.15129 -5.67815e-36
9.18819 -2.89417e-36
9.22509 -1.47114e-36
9.26199 -7.45746e-37
9.29889 -3.76999e-37
9.33579 -1.90064e-37
9.37269 -9.5559e-38
9.40959 -4.7913e-38
9.44649 -2.39577e-38
9.48339 -1.19467e-38
9.5203 -5.94106e-39
9.5572 -2.94639e-39
9.5941 -1.45722e-39
9.631 -7.18744e-40
9.6679 -3.53536e-40
9.7048 -1.73422e-40
9.7417 -8.48371e-41
9.7786 -4.13884e-41
9.8155 -2.01365e-41
9.8524 -9.7701e-42
9.8893 -4.72744e-42
9.9262 -2.28121e-42
