-9.9 9.57126e-42
-9.7 4.6273e-40
-9.5 2.06483e-38
-9.3 8.50415e-37
-9.1 3.23269e-35
-8.9 1.13416e-33
-8.7 3.67249e-32
-8.5 1.09751e-30
-8.3 3.02703e-29
-8.1 7.705e-28
-7.9 1.80995e-26
-7.7 3.92363e-25
-7.5 7.84919e-24
-7.3 1.44899e-22
-7.1 2.46828e-21
-6.9 3.87969e-20
-6.7 5.62673e-19
-6.5 7.52923e-18
-6.3 9.29525e-17
-6.1 1.05868e-15
-5.9 1.11232e-14
-5.7 1.07804e-13
-5.5 9.63698e-13
-5.3 7.94537e-12
-5.1 6.04106e-11
-4.9 4.23536e-10
-4.7 2.73774e-09
-4.5 1.6314e-08
-4.3 8.96032e-08
-4.1 4.53528e-07
-3.9 2.115e-06
-3.7 9.0852e-06
-3.5 3.59379e-05
-3.3 0.000130863
-3.1 0.000438485
-2.9 0.0013513
-2.7 0.0038278
-2.5 0.00995941
-2.3 0.0237797
-2.1 0.0520429
-1.9 0.104241
-1.7 0.190704
-1.5 0.317768
-1.3 0.480347
-1.1 0.654758
-0.9 0.797065
-0.7 0.85192
-0.5 0.772337
-0.3 0.543228
-0.1 0.196053
0.1 -0.196053
0.3 -0.543228
0.5 -0.772337
0.7 -0.85192
0.9 -0.797065
1.1 -0.654758
1.3 -0.480347
1.5 -0.317768
1.7 -0.190704
1.9 -0.104241
2.1 -0.0520429
2.3 -0.0237797
2.5 -0.00995941
2.7 -0.0038278
2.9 -0.0013513
3.1 -0.000438485
3.3 -0.000130863
3.5 -3.59379e-05
3.7 -9.0852e-06
3.9 -2.115e-06
4.1 -4.53528e-07
4.3 -8.96032e-08
4.5 -1.6314e-08
4.7 -2.73774e-09
4.9 -4.23536e-10
5.1 -6.04106e-11
5.3 -7.94537e-12
5.5 -9.63698e-13
5.7 -1.07804e-13
5.9 -1.11232e-14
6.1 -1.05868e-15
6.3 -9.29525e-17
6.5 -7.52923e-18
6.7 -5.62673e-19
6.9 -3.87969e-20
7.1 -2.46828e-21
7.3 -1.44899e-22
7.5 -7.84919e-24
7.7 -3.92363e-25
7.9 -1.80995e-26
8.1 -7.705e-28
8.3 -3.02703e-29
8.5 -1.09751e-30
8.7 -3.67249e-32
8.9 -1.13416e-33
9.1 -3.23269e-35
9.3 -8.50415e-37
9.5 -2.06483e-38
