-10 -2.17008e-40
-9.8 2.36151e-40
-9.6 1.05555e-38
-9.4 4.35531e-37
-9.2 1.65886e-35
-9 5.83245e-34
-8.8 1.89295e-32
-8.6 5.6712e-31
-8.4 1.56839e-29
-8.2 4.00385e-28
-8 9.43499e-27
-7.8 2.05231e-25
-7.6 4.12078e-24
-7.4 7.63741e-23
-7.2 1.30659e-21
-7 2.06326e-20
-6.8 3.00735e-19
-6.6 4.04595e-18
-6.4 5.02409e-17
-6.2 5.75814e-16
-6 6.09095e-15
-5.8 5.94635e-14
-5.6 5.35751e-13
-5.4 4.45454e-12
-5.2 3.4178e-11
-5 2.41973e-10
-4.8 1.58064e-09
-4.6 9.52586e-09
-4.4 5.29586e-08
-4.2 2.71566e-07
-4 1.28426e-06
-3.8 5.6001e-06
-3.6 2.25116e-05
-3.4 8.34007e-05
-3.2 0.000284674
-3 0.00089489
-2.8 0.00258955
-2.6 0.00689361
-2.4 0.0168696
-2.2 0.0379113
-2 0.0781421
-1.8 0.147473
-1.6 0.254236
-1.4 0.399058
-1.2 0.567553
-1 0.725912
-0.8 0.824492
-0.6 0.812128
-0.4 0.657783
-0.2 0.369641
0 6.77626e-17
0.2 -0.369641
0.4 -0.657783
0.6 -0.812128
0.8 -0.824492
1 -0.725912
1.2 -0.567553
1.4 -0.399058
1.6 -0.254236
1.8 -0.147473
2 -0.0781421
2.2 -0.0379113
2.4 -0.0168696
2.6 -0.00689361
2.8 -0.00258955
3 -0.00089489
3.2 -0.000284674
3.4 -8.34007e-05
3.6 -2.25116e-05
3.8 -5.6001e-06
4 -1.28426e-06
4.2 -2.71566e-07
4.4 -5.29586e-08
4.6 -9.52586e-09
4.8 -1.58064e-09
5 -2.41973e-10
5.2 -3.4178e-11
5.4 -4.45454e-12
5.6 -5.35751e-13
5.8 -5.94635e-14
6 -6.09095e-15
6.2 -5.75814e-16
6.4 -5.02409e-17
6.6 -4.04595e-18
6.8 -3.00735e-19
7 -2.06326e-20
7.2 -1.30659e-21
7.4 -7.63741e-23
7.6 -4.12078e-24
7.8 -2.05231e-25
8 -9.43499e-27
8.2 -4.00385e-28
8.4 -1.56839e-29
8.6 -5.6712e-31
8.8 -1.89295e-32
9 -5.83245e-34
9.2 -1.65886e-35
9.4 -4.35531e-37
9.6 -1.05555e-38
9.8 9.63004e-39
