-10 3.72008e-44 9.57126e-42 - - 7.44015e-43
-9.8 1.95145e-42 4.6273e-40 9.57126e-42 2.36151e-40 3.82485e-41
-9.6 9.44975e-41 2.06483e-38 4.6273e-40 1.05555e-38 1.81435e-39
-9.4 4.22415e-39 8.50415e-37 2.06483e-38 4.35531e-37 7.94141e-38
-9.2 1.74307e-37 3.23269e-35 8.50415e-37 1.65886e-35 3.20725e-36
-9 6.63968e-36 1.13416e-33 3.23269e-35 5.83245e-34 1.19514e-34
-8.8 2.33472e-34 3.67249e-32 1.13416e-33 1.89295e-32 4.10911e-33
-8.6 7.57845e-33 1.09751e-30 3.67249e-32 5.6712e-31 1.30349e-31
-8.4 2.27081e-31 3.02703e-29 1.09751e-30 1.56839e-29 3.81497e-30
-8.2 6.28115e-30 7.705e-28 3.02703e-29 4.00385e-28 1.03011e-28
-8 1.60381e-28 1.80995e-26 7.705e-28 9.43499e-27 2.5661e-27
-7.8 3.78028e-27 3.92363e-25 1.80995e-26 2.05231e-25 5.89723e-26
-7.6 8.22528e-26 7.84919e-24 3.92363e-25 4.12078e-24 1.25024e-24
-7.4 1.65209e-24 1.44899e-22 7.84919e-24 7.63741e-23 2.4451e-23
-7.2 3.06319e-23 2.46828e-21 1.44899e-22 1.30659e-21 4.41099e-22
-7 5.24289e-22 3.87969e-20 2.46828e-21 2.06326e-20 7.34004e-21
-6.8 8.28368e-21 5.62673e-19 3.87969e-20 3.00735e-19 1.12658e-19
-6.6 1.20818e-19 7.52923e-18 5.62673e-19 4.04595e-18 1.5948e-18
-6.4 1.62666e-18 9.29525e-17 7.52923e-18 5.02409e-17 2.08213e-17
-6.2 2.02172e-17 1.05868e-15 9.29525e-17 5.75814e-16 2.50693e-16
-6 2.31952e-16 1.11232e-14 1.05868e-15 6.09095e-15 2.78343e-15
-5.8 2.4566e-15 1.07804e-13 1.11232e-14 5.94635e-14 2.84965e-14
-5.6 2.40173e-14 9.63698e-13 1.07804e-13 5.35751e-13 2.68994e-13
-5.4 2.16757e-13 7.94537e-12 9.63698e-13 4.45454e-12 2.34097e-12
-5.2 1.80583e-12 6.04106e-11 7.94537e-12 3.4178e-11 1.87806e-11
-5 1.38879e-11 4.23536e-10 6.04106e-11 2.41973e-10 1.38879e-10
-4.8 9.85951e-11 2.73774e-09 4.23536e-10 1.58064e-09 9.46513e-10
-4.6 6.46143e-10 1.6314e-08 2.73774e-09 9.52586e-09 5.94452e-09
-4.4 3.90894e-09 8.96032e-08 1.6314e-08 5.29586e-08 3.43987e-08
-4.2 2.18296e-08 4.53528e-07 8.96032e-08 2.71566e-07 1.83368e-07
-4 1.12535e-07 2.115e-06 4.53528e-07 1.28426e-06 9.00281e-07
-3.8 5.35535e-07 9.0852e-06 2.115e-06 5.6001e-06 4.07006e-06
-3.6 2.35258e-06 3.59379e-05 9.0852e-06 2.25116e-05 1.69385e-05
-3.4 9.54016e-06 0.000130863 3.59379e-05 8.34007e-05 6.48731e-05
-3.2 3.57128e-05 0.000438485 0.000130863 0.000284674 0.000228562
-3 0.00012341 0.0013513 0.000438485 0.00089489 0.000740459
-2.8 0.000393669 0.0038278 0.0013513 0.00258955 0.00220455
-2.6 0.00115923 0.00995941 0.0038278 0.00689361 0.00602799
-2.4 0.00315111 0.0237797 0.00995941 0.0168696 0.0151253
-2.2 0.00790705 0.0520429 0.0237797 0.0379113 0.034791
-2 0.0183156 0.104241 0.0520429 0.0781421 0.0732626
-1.8 0.0391639 0.190704 0.104241 0.147473 0.14099
-1.6 0.0773047 0.317768 0.190704 0.254236 0.247375
-1.4 0.140858 0.480347 0.317768 0.399058 0.394404
-1.2 0.236928 0.654758 0.480347 0.567553 0.568627
-1 0.367879 0.797065 0.654758 0.725912 0.735759
-0.8 0.527292 0.85192 0.797065 0.824492 0.843668
-0.6 0.697676 0.772337 0.85192 0.812128 0.837212
-0.4 0.852144 0.543228 0.772337 0.657783 0.681715
-0.2 0.960789 0.196053 0.543228 0.369641 0.384316
0 1 -0.196053 0.196053 -1.66533e-15 -0
0.2 0.960789 -0.543228 -0.196053 -0.369641 -0.384316
0.4 0.852144 -0.772337 -0.543228 -0.657783 -0.681715
0.6 0.697676 -0.85192 -0.772337 -0.812128 -0.837212
0.8 0.527292 -0.797065 -0.85192 -0.824492 -0.843668
1 0.367879 -0.654758 -0.797065 -0.725912 -0.735759
1.2 0.236928 -0.480347 -0.654758 -0.567553 -0.568627
1.4 0.140858 -0.317768 -0.480347 -0.399058 -0.394404
1.6 0.0773047 -0.190704 -0.317768 -0.254236 -0.247375
1.8 0.0391639 -0.104241 -0.190704 -0.147473 -0.14099
2 0.0183156 -0.0520429 -0.104241 -0.0781421 -0.0732626
2.2 0.00790705 -0.0237797 -0.0520429 -0.0379113 -0.034791
2.4 0.00315111 -0.00995941 -0.0237797 -0.0168696 -0.0151253
2.6 0.00115923 -0.0038278 -0.00995941 -0.00689361 -0.00602799
2.8 0.000393669 -0.0013513 -0.0038278 -0.00258955 -0.00220455
3 0.00012341 -0.000438485 -0.0013513 -0.00089489 -0.000740459
3.2 3.57128e-05 -0.000130863 -0.000438485 -0.000284674 -0.000228562
3.4 9.54016e-06 -3.59379e-05 -0.000130863 -8.34007e-05 -6.48731e-05
3.6 2.35258e-06 -9.0852e-06 -3.59379e-05 -2.25116e-05 -1.69385e-05
3.8 5.35535e-07 -2.115e-06 -9.0852e-06 -5.6001e-06 -4.07006e-06
4 1.12535e-07 -4.53528e-07 -2.115e-06 -1.28426e-06 -9.00281e-07
4.2 2.18296e-08 -8.96032e-08 -4.53528e-07 -2.71566e-07 -1.83368e-07
4.4 3.90894e-09 -1.6314e-08 -8.96032e-08 -5.29586e-08 -3.43987e-08
4.6 6.46143e-10 -2.73774e-09 -1.6314e-08 -9.52586e-09 -5.94452e-09
4.8 9.85951e-11 -4.23536e-10 -2.73774e-09 -1.58064e-09 -9.46513e-10
5 1.38879e-11 -6.04106e-11 -4.23536e-10 -2.41973e-10 -1.38879e-10
5.2 1.80583e-12 -7.94537e-12 -6.04106e-11 -3.4178e-11 -1.87806e-11
5.4 2.16757e-13 -9.63698e-13 -7.94537e-12 -4.45454e-12 -2.34097e-12
5.6 2.40173e-14 -1.07804e-13 -9.63698e-13 -5.35751e-13 -2.68994e-13
5.8 2.4566e-15 -1.11232e-14 -1.07804e-13 -5.94635e-14 -2.84965e-14
6 2.31952e-16 -1.05868e-15 -1.11232e-14 -6.09095e-15 -2.78343e-15
6.2 2.02172e-17 -9.29525e-17 -1.05868e-15 -5.75814e-16 -2.50693e-16
6.4 1.62666e-18 -7.52923e-18 -9.29525e-17 -5.02409e-17 -2.08213e-17
6.6 1.20818e-19 -5.62673e-19 -7.52923e-18 -4.04595e-18 -1.5948e-18
6.8 8.28368e-21 -3.87969e-20 -5.62673e-19 -3.00735e-19 -1.12658e-19
7 5.24289e-22 -2.46828e-21 -3.87969e-20 -2.06326e-20 -7.34004e-21
7.2 3.06319e-23 -1.44899e-22 -2.46828e-21 -1.30659e-21 -4.41099e-22
7.4 1.65209e-24 -7.84919e-24 -1.44899e-22 -7.63741e-23 -2.4451e-23
7.6 8.22528e-26 -3.92363e-25 -7.84919e-24 -4.12078e-24 -1.25024e-24
7.8 3.78028e-27 -1.80995e-26 -3.92363e-25 -2.05231e-25 -5.89723e-26
8 1.60381e-28 -7.705e-28 -1.80995e-26 -9.43499e-27 -2.5661e-27
8.2 6.28115e-30 -3.02703e-29 -7.705e-28 -4.00385e-28 -1.03011e-28
8.4 2.27081e-31 -1.09751e-30 -3.02703e-29 -1.56839e-29 -3.81497e-30
8.6 7.57845e-33 -3.67249e-32 -1.09751e-30 -5.6712e-31 -1.30349e-31
8.8 2.33472e-34 -1.13416e-33 -3.67249e-32 -1.89295e-32 -4.10911e-33
9 6.63968e-36 -3.23269e-35 -1.13416e-33 -5.83245e-34 -1.19514e-34
9.2 1.74307e-37 -8.50415e-37 -3.23269e-35 -1.65886e-35 -3.20725e-36
9.4 4.22415e-39 -2.06483e-38 -8.50415e-37 -4.35531e-37 -7.94141e-38
9.6 9.44975e-41 -4.6273e-40 -2.06483e-38 -1.05555e-38 -1.81435e-39
9.8 1.95145e-42 - -4.6273e-40 - -3.82485e-41
