-10 7.44015e-43 1.87522e-40 - -
-9.8 3.82485e-41 8.88052e-39 1.87522e-40 4.53402e-39
-9.6 1.81435e-39 3.87999e-37 8.88052e-39 1.9844e-37
-9.4 7.94141e-38 1.56392e-35 3.87999e-37 8.01359e-36
-9.2 3.20725e-36 5.81535e-34 1.56392e-35 2.98587e-34
-9 1.19514e-34 1.9948e-32 5.81535e-34 1.02648e-32
-8.8 4.10911e-33 6.31201e-31 1.9948e-32 3.25574e-31
-8.6 1.30349e-31 1.84231e-29 6.31201e-31 9.52714e-30
-8.4 3.81497e-30 4.95979e-28 1.84231e-29 2.57201e-28
-8.2 1.03011e-28 1.23154e-26 4.95979e-28 6.40571e-27
-8 2.5661e-27 2.82031e-25 1.23154e-26 1.47173e-25
-7.8 5.89723e-26 5.95635e-24 2.82031e-25 3.11919e-24
-7.6 1.25024e-24 1.16004e-22 5.95635e-24 6.098e-23
-7.4 2.4451e-23 2.08324e-21 1.16004e-22 1.09962e-21
-7.2 4.41099e-22 3.44947e-20 2.08324e-21 1.8289e-20
-7 7.34004e-21 5.2659e-19 3.44947e-20 2.80542e-19
-6.8 1.12658e-19 7.41071e-18 5.2659e-19 3.96865e-18
-6.6 1.5948e-18 9.61325e-17 7.41071e-18 5.17716e-17
-6.4 2.08213e-17 1.14936e-15 9.61325e-17 6.22745e-16
-6.2 2.50693e-16 1.26637e-14 1.14936e-15 6.90652e-15
-6 2.78343e-15 1.28565e-13 1.26637e-14 7.06145e-14
-5.8 2.84965e-14 1.20249e-12 1.28565e-13 6.65527e-13
-5.6 2.68994e-13 1.03599e-11 1.20249e-12 5.78119e-12
-5.4 2.34097e-12 8.21984e-11 1.03599e-11 4.62791e-11
-5.2 1.87806e-11 6.00494e-10 8.21984e-11 3.41346e-10
-5 1.38879e-10 4.03817e-09 6.00494e-10 2.31933e-09
-4.8 9.46513e-10 2.499e-08 4.03817e-09 1.45141e-08
-4.6 5.94452e-09 1.42271e-07 2.499e-08 8.36304e-08
-4.4 3.43987e-08 7.44849e-07 1.42271e-07 4.4356e-07
-4.2 1.83368e-07 3.58456e-06 7.44849e-07 2.16471e-06
-4 9.00281e-07 1.58489e-05 3.58456e-06 9.71674e-06
-3.8 4.07006e-06 6.43424e-05 1.58489e-05 4.00957e-05
-3.6 1.69385e-05 0.000239673 6.43424e-05 0.000152008
-3.4 6.48731e-05 0.000818446 0.000239673 0.000529059
-3.2 0.000228562 0.00255948 0.000818446 0.00168896
-3 0.000740459 0.00732044 0.00255948 0.00493996
-2.8 0.00220455 0.0191172 0.00732044 0.0132188
-2.6 0.00602799 0.0454867 0.0191172 0.032302
-2.4 0.0151253 0.0983285 0.0454867 0.0719076
-2.2 0.034791 0.192358 0.0983285 0.145343
-2 0.0732626 0.338637 0.192358 0.265497
-1.8 0.14099 0.531926 0.338637 0.435282
-1.6 0.247375 0.735142 0.531926 0.633534
-1.4 0.394404 0.871115 0.735142 0.803129
-1.2 0.568627 0.835661 0.871115 0.853388
-1 0.735759 0.539545 0.835661 0.687603
-0.8 0.843668 -0.0322814 0.539545 0.253632
-0.6 0.837212 -0.777483 -0.0322814 -0.404882
-0.4 0.681715 -1.487 -0.777483 -1.13224
-0.2 0.384316 -1.92158 -1.487 -1.70429
0 -0 -1.92158 -1.92158 -1.92158
0.2 -0.384316 -1.487 -1.92158 -1.70429
0.4 -0.681715 -0.777483 -1.487 -1.13224
0.6 -0.837212 -0.0322814 -0.777483 -0.404882
0.8 -0.843668 0.539545 -0.0322814 0.253632
1 -0.735759 0.835661 0.539545 0.687603
1.2 -0.568627 0.871115 0.835661 0.853388
1.4 -0.394404 0.735142 0.871115 0.803129
1.6 -0.247375 0.531926 0.735142 0.633534
1.8 -0.14099 0.338637 0.531926 0.435282
2 -0.0732626 0.192358 0.338637 0.265497
2.2 -0.034791 0.0983285 0.192358 0.145343
2.4 -0.0151253 0.0454867 0.0983285 0.0719076
2.6 -0.00602799 0.0191172 0.0454867 0.032302
2.8 -0.00220455 0.00732044 0.0191172 0.0132188
3 -0.000740459 0.00255948 0.00732044 0.00493996
3.2 -0.000228562 0.000818446 0.00255948 0.00168896
3.4 -6.48731e-05 0.000239673 0.000818446 0.000529059
3.6 -1.69385e-05 6.43424e-05 0.000239673 0.000152008
3.8 -4.07006e-06 1.58489e-05 6.43424e-05 4.00957e-05
4 -9.00281e-07 3.58456e-06 1.58489e-05 9.71674e-06
4.2 -1.83368e-07 7.44849e-07 3.58456e-06 2.16471e-06
4.4 -3.43987e-08 1.42271e-07 7.44849e-07 4.4356e-07
4.6 -5.94452e-09 2.499e-08 1.42271e-07 8.36304e-08
4.8 -9.46513e-10 4.03817e-09 2.499e-08 1.45141e-08
5 -1.38879e-10 6.00494e-10 4.03817e-09 2.31933e-09
5.2 -1.87806e-11 8.21984e-11 6.00494e-10 3.41346e-10
5.4 -2.34097e-12 1.03599e-11 8.21984e-11 4.62791e-11
5.6 -2.68994e-13 1.20249e-12 1.03599e-11 5.78119e-12
5.8 -2.84965e-14 1.28565e-13 1.20249e-12 6.65527e-13
6 -2.78343e-15 1.26637e-14 1.28565e-13 7.06145e-14
6.2 -2.50693e-16 1.14936e-15 1.26637e-14 6.90652e-15
6.4 -2.08213e-17 9.61325e-17 1.14936e-15 6.22745e-16
6.6 -1.5948e-18 7.41071e-18 9.61325e-17 5.17716e-17
6.8 -1.12658e-19 5.2659e-19 7.41071e-18 3.96865e-18
7 -7.34004e-21 3.44947e-20 5.2659e-19 2.80542e-19
7.2 -4.41099e-22 2.08324e-21 3.44947e-20 1.8289e-20
7.4 -2.4451e-23 1.16004e-22 2.08324e-21 1.09962e-21
7.6 -1.25024e-24 5.95635e-24 1.16004e-22 6.098e-23
7.8 -5.89723e-26 2.82031e-25 5.95635e-24 3.11919e-24
8 -2.5661e-27 1.23154e-26 2.82031e-25 1.47173e-25
8.2 -1.03011e-28 4.95979e-28 1.23154e-26 6.40571e-27
8.4 -3.81497e-30 1.84231e-29 4.95979e-28 2.57201e-28
8.6 -1.30349e-31 6.31201e-31 1.84231e-29 9.52714e-30
8.8 -4.10911e-33 1.9948e-32 6.31201e-31 3.25574e-31
9 -1.19514e-34 5.81535e-34 1.9948e-32 1.02648e-32
9.2 -3.20725e-36 1.56392e-35 5.81535e-34 2.98587e-34
9.4 -7.94141e-38 3.87999e-37 1.56392e-35 8.01359e-36
9.6 -1.81435e-39 8.88052e-39 3.87999e-37 1.9844e-37
9.8 -3.82485e-41 - 8.88052e-39 -
