-10 3.72008e-44
-9.8 1.95145e-42
-9.6 9.44975e-41
-9.4 4.22415e-39
-9.2 1.74307e-37
-9 6.63968e-36
-8.8 2.33472e-34
-8.6 7.57845e-33
-8.4 2.27081e-31
-8.2 6.28115e-30
-8 1.60381e-28
-7.8 3.78028e-27
-7.6 8.22528e-26
-7.4 1.65209e-24
-7.2 3.06319e-23
-7 5.24289e-22
-6.8 8.28368e-21
-6.6 1.20818e-19
-6.4 1.62666e-18
-6.2 2.02172e-17
-6 2.31952e-16
-5.8 2.4566e-15
-5.6 2.40173e-14
-5.4 2.16757e-13
-5.2 1.80583e-12
-5 1.38879e-11
-4.8 9.85951e-11
-4.6 6.46143e-10
-4.4 3.90894e-09
-4.2 2.18296e-08
-4 1.12535e-07
-3.8 5.35535e-07
-3.6 2.35258e-06
-3.4 9.54016e-06
-3.2 3.57128e-05
-3 0.00012341
-2.8 0.000393669
-2.6 0.00115923
-2.4 0.00315111
-2.2 0.00790705
-2 0.0183156
-1.8 0.0391639
-1.6 0.0773047
-1.4 0.140858
-1.2 0.236928
-1 0.367879
-0.8 0.527292
-0.6 0.697676
-0.4 0.852144
-0.2 0.960789
0 1
0.2 0.960789
0.4 0.852144
0.6 0.697676
0.8 0.527292
1 0.367879
1.2 0.236928
1.4 0.140858
1.6 0.0773047
1.8 0.0391639
2 0.0183156
2.2 0.00790705
2.4 0.00315111
2.6 0.00115923
2.8 0.000393669
3 0.00012341
3.2 3.57128e-05
3.4 9.54016e-06
3.6 2.35258e-06
3.8 5.35535e-07
4 1.12535e-07
4.2 2.18296e-08
4.4 3.90894e-09
4.6 6.46143e-10
4.8 9.85951e-11
5 1.38879e-11
5.2 1.80583e-12
5.4 2.16757e-13
5.6 2.40173e-14
5.8 2.4566e-15
6 2.31952e-16
6.2 2.02172e-17
6.4 1.62666e-18
6.6 1.20818e-19
6.8 8.28368e-21
7 5.24289e-22
7.2 3.06319e-23
7.4 1.65209e-24
7.6 8.22528e-26
7.8 3.78028e-27
8 1.60381e-28
8.2 6.28115e-30
8.4 2.27081e-31
8.6 7.57845e-33
8.8 2.33472e-34
9 6.63968e-36
9.2 1.74307e-37
9.4 4.22415e-39
9.6 9.44975e-41
9.8 1.95145e-42
