-9.9 5.38844e-42
-9.7 2.66093e-40
-9.5 1.21249e-38
-9.3 5.0978e-37
-9.1 1.97763e-35
-8.9 7.07871e-34
-8.7 2.33776e-32
-8.5 7.12316e-31
-8.3 2.00245e-29
-8.1 5.19343e-28
-7.9 1.24262e-26
-7.7 2.74284e-25
-7.5 5.58504e-24
-7.3 1.04906e-22
-7.1 1.81762e-21
-6.9 2.90482e-20
-6.7 4.28179e-19
-6.5 5.82105e-18
-6.3 7.29831e-17
-6.1 8.43844e-16
-5.9 8.99686e-15
-5.7 8.84458e-14
-5.5 8.0165e-13
-5.3 6.69844e-12
-5.1 5.15942e-11
-4.9 3.66282e-10
-4.7 2.39642e-09
-4.5 1.44471e-08
-4.3 8.02405e-08
-4.1 4.1051e-07
-3.9 1.93408e-06
-3.7 8.38958e-06
-3.5 3.34958e-05
-3.3 0.000123049
-3.1 0.00041574
-2.9 0.00129125
-2.7 0.00368457
-2.5 0.00965227
-2.3 0.0231921
-2.1 0.0510517
-1.9 0.102797
-1.7 0.188959
-1.5 0.316198
-1.3 0.479751
-1.1 0.656034
-0.9 0.800745
-0.7 0.857677
-0.5 0.778801
-0.3 0.548359
-0.1 0.19801
0.1 -0.19801
0.3 -0.548359
0.5 -0.778801
0.7 -0.857677
0.9 -0.800745
1.1 -0.656034
1.3 -0.479751
1.5 -0.316198
1.7 -0.188959
1.9 -0.102797
2.1 -0.0510517
2.3 -0.0231921
2.5 -0.00965227
2.7 -0.00368457
2.9 -0.00129125
3.1 -0.00041574
3.3 -0.000123049
3.5 -3.34958e-05
3.7 -8.38958e-06
3.9 -1.93408e-06
4.1 -4.1051e-07
4.3 -8.02405e-08
4.5 -1.44471e-08
4.7 -2.39642e-09
4.9 -3.66282e-10
5.1 -5.15942e-11
5.3 -6.69844e-12
5.5 -8.0165e-13
5.7 -8.84458e-14
5.9 -8.99686e-15
6.1 -8.43844e-16
6.3 -7.29831e-17
6.5 -5.82105e-18
6.7 -4.28179e-19
6.9 -2.90482e-20
7.1 -1.81762e-21
7.3 -1.04906e-22
7.5 -5.58504e-24
7.7 -2.74284e-25
7.9 -1.24262e-26
8.1 -5.19343e-28
8.3 -2.00245e-29
8.5 -7.12316e-31
8.7 -2.33776e-32
8.9 -7.07871e-34
9.1 -1.97763e-35
9.3 -5.0978e-37
9.5 -1.21249e-38
