-10 7.44015e-43
-9.8 3.82485e-41
-9.6 1.81435e-39
-9.4 7.94141e-38
-9.2 3.20725e-36
-9 1.19514e-34
-8.8 4.10911e-33
-8.6 1.30349e-31
-8.4 3.81497e-30
-8.2 1.03011e-28
-8 2.5661e-27
-7.8 5.89723e-26
-7.6 1.25024e-24
-7.4 2.4451e-23
-7.2 4.41099e-22
-7 7.34004e-21
-6.8 1.12658e-19
-6.6 1.5948e-18
-6.4 2.08213e-17
-6.2 2.50693e-16
-6 2.78343e-15
-5.8 2.84965e-14
-5.6 2.68994e-13
-5.4 2.34097e-12
-5.2 1.87806e-11
-5 1.38879e-10
-4.8 9.46513e-10
-4.6 5.94452e-09
-4.4 3.43987e-08
-4.2 1.83368e-07
-4 9.00281e-07
-3.8 4.07006e-06
-3.6 1.69385e-05
-3.4 6.48731e-05
-3.2 0.000228562
-3 0.000740459
-2.8 0.00220455
-2.6 0.00602799
-2.4 0.0151253
-2.2 0.034791
-2 0.0732626
-1.8 0.14099
-1.6 0.247375
-1.4 0.394404
-1.2 0.568627
-1 0.735759
-0.8 0.843668
-0.6 0.837212
-0.4 0.681715
-0.2 0.384316
0 -0
0.2 -0.384316
0.4 -0.681715
0.6 -0.837212
0.8 -0.843668
1 -0.735759
1.2 -0.568627
1.4 -0.394404
1.6 -0.247375
1.8 -0.14099
2 -0.0732626
2.2 -0.034791
2.4 -0.0151253
2.6 -0.00602799
2.8 -0.00220455
3 -0.000740459
3.2 -0.000228562
3.4 -6.48731e-05
3.6 -1.69385e-05
3.8 -4.07006e-06
4 -9.00281e-07
4.2 -1.83368e-07
4.4 -3.43987e-08
4.6 -5.94452e-09
4.8 -9.46513e-10
5 -1.38879e-10
5.2 -1.87806e-11
5.4 -2.34097e-12
5.6 -2.68994e-13
5.8 -2.84965e-14
6 -2.78343e-15
6.2 -2.50693e-16
6.4 -2.08213e-17
6.6 -1.5948e-18
6.8 -1.12658e-19
7 -7.34004e-21
7.2 -4.41099e-22
7.4 -2.4451e-23
7.6 -1.25024e-24
7.8 -5.89723e-26
8 -2.5661e-27
8.2 -1.03011e-28
8.4 -3.81497e-30
8.6 -1.30349e-31
8.8 -4.10911e-33
9 -1.19514e-34
9.2 -3.20725e-36
9.4 -7.94141e-38
9.6 -1.81435e-39
9.8 -3.82485e-41
