-9.8 9.57126e-42
-9.6 4.6273e-40
-9.4 2.06483e-38
-9.2 8.50415e-37
-9 3.23269e-35
-8.8 1.13416e-33
-8.6 3.67249e-32
-8.4 1.09751e-30
-8.2 3.02703e-29
-8 7.705e-28
-7.8 1.80995e-26
-7.6 3.92363e-25
-7.4 7.84919e-24
-7.2 1.44899e-22
-7 2.46828e-21
-6.8 3.87969e-20
-6.6 5.62673e-19
-6.4 7.52923e-18
-6.2 9.29525e-17
-6 1.05868e-15
-5.8 1.11232e-14
-5.6 1.07804e-13
-5.4 9.63698e-13
-5.2 7.94537e-12
-5 6.04106e-11
-4.8 4.23536e-10
-4.6 2.73774e-09
-4.4 1.6314e-08
-4.2 8.96032e-08
-4 4.53528e-07
-3.8 2.115e-06
-3.6 9.0852e-06
-3.4 3.59379e-05
-3.2 0.000130863
-3 0.000438485
-2.8 0.0013513
-2.6 0.0038278
-2.4 0.00995941
-2.2 0.0237797
-2 0.0520429
-1.8 0.104241
-1.6 0.190704
-1.4 0.317768
-1.2 0.480347
-1 0.654758
-0.8 0.797065
-0.6 0.85192
-0.4 0.772337
-0.2 0.543228
0 0.196053
0.2 -0.196053
0.4 -0.543228
0.6 -0.772337
0.8 -0.85192
1 -0.797065
1.2 -0.654758
1.4 -0.480347
1.6 -0.317768
1.8 -0.190704
2 -0.104241
2.2 -0.0520429
2.4 -0.0237797
2.6 -0.00995941
2.8 -0.0038278
3 -0.0013513
3.2 -0.000438485
3.4 -0.000130863
3.6 -3.59379e-05
3.8 -9.0852e-06
4 -2.115e-06
4.2 -4.53528e-07
4.4 -8.96032e-08
4.6 -1.6314e-08
4.8 -2.73774e-09
5 -4.23536e-10
5.2 -6.04106e-11
5.4 -7.94537e-12
5.6 -9.63698e-13
5.8 -1.07804e-13
6 -1.11232e-14
6.2 -1.05868e-15
6.4 -9.29525e-17
6.6 -7.52923e-18
6.8 -5.62673e-19
7 -3.87969e-20
7.2 -2.46828e-21
7.4 -1.44899e-22
7.6 -7.84919e-24
7.8 -3.92363e-25
8 -1.80995e-26
8.2 -7.705e-28
8.4 -3.02703e-29
8.6 -1.09751e-30
8.8 -3.67249e-32
9 -1.13416e-33
9.2 -3.23269e-35
9.4 -8.50415e-37
9.6 -2.06483e-38
9.8 -4.6273e-40
