-9.9631 1.6895e-42
-9.9262 3.50433e-42
-9.8893 7.24877e-42
-9.8524 1.49533e-41
-9.8155 3.07624e-41
-9.7786 6.31127e-41
-9.7417 1.29129e-40
-9.7048 2.63479e-40
-9.6679 5.3614e-40
-9.631 1.08798e-39
-9.5941 2.20181e-39
-9.5572 4.44372e-39
-9.5203 8.9439e-39
-9.48339 1.79522e-38
-9.44649 3.59354e-38
-9.40959 7.1736e-38
-9.37269 1.42812e-37
-9.33579 2.83532e-37
-9.29889 5.61373e-37
-9.26199 1.10844e-36
-9.22509 2.18265e-36
-9.18819 4.28616e-36
-9.15129 8.3939e-36
-9.11439 1.63934e-35
-9.07749 3.19292e-35
-9.04059 6.20178e-35
-9.00369 1.20131e-34
-8.96679 2.32063e-34
-8.92989 4.47062e-34
-8.89299 8.58895e-34
-8.85609 1.6456e-33
-8.81919 3.14425e-33
-8.78229 5.99131e-33
-8.74539 1.13851e-32
-8.70849 2.15756e-32
-8.67159 4.07755e-32
-8.63469 7.68503e-32
-8.59779 1.44445e-31
-8.56089 2.70751e-31
-8.52399 5.06113e-31
-8.48708 9.43486e-31
-8.45018 1.75401e-30
-8.41328 3.25193e-30
-8.37638 6.01255e-30
-8.33948 1.10863e-29
-8.30258 2.03856e-29
-8.26568 3.73827e-29
-8.22878 6.8364e-29
-8.19188 1.24679e-28
-8.15498 2.26762e-28
-8.11808 4.11297e-28
-8.08118 7.4396e-28
-8.04428 1.342e-27
-8.00738 2.41416e-27
-7.97048 4.331e-27
-7.93358 7.74853e-27
-7.89668 1.38248e-26
-7.85978 2.45985e-26
-7.82288 4.36481e-26
-7.78598 7.72381e-26
-7.74908 1.36303e-25
-7.71218 2.39877e-25
-7.67528 4.20999e-25
-7.63838 7.36852e-25
-7.60148 1.28614e-24
-7.56458 2.23874e-24
-7.52768 3.88623e-24
-7.49077 6.7276e-24
-7.45387 1.16145e-23
-7.41697 1.99962e-23
-7.38007 3.43322e-23
-7.34317 5.87846e-23
-7.30627 1.00377e-22
-7.26937 1.70927e-22
-7.23247 2.90265e-22
-7.19557 4.9157e-22
-7.15867 8.30201e-22
-7.12177 1.39826e-21
-7.08487 2.34855e-21
-7.04797 3.93384e-21
-7.01107 6.57115e-21
-6.97417 1.09464e-20
-6.93727 1.81848e-20
-6.90037 3.01267e-20
-6.86347 4.97737e-20
-6.82657 8.20076e-20
-6.78967 1.34745e-19
-6.75277 2.2079e-19
-6.71587 3.60786e-19
-6.67897 5.87931e-19
-6.64207 9.55449e-19
-6.60517 1.54844e-18
-6.56827 2.50256e-18
-6.53137 4.03348e-18
-6.49446 6.48305e-18
-6.45756 1.03916e-17
-6.42066 1.66108e-17
-6.38376 2.64792e-17
-6.34686 4.2094e-17
-6.30996 6.67329e-17
-6.27306 1.05503e-16
-6.23616 1.66337e-16
-6.19926 2.61529e-16
-6.16236 4.10064e-16
-6.12546 6.41191e-16
-6.08856 9.99828e-16
-6.05166 1.55477e-15
-6.01476 2.41106e-15
-5.97786 3.72866e-15
-5.94096 5.75041e-15
-5.90406 8.84395e-15
-5.86716 1.35642e-14
-5.83026 2.07465e-14
-5.79336 3.16444e-14
-5.75646 4.81337e-14
-5.71956 7.30132e-14
-5.68266 1.10447e-13
-5.64576 1.66612e-13
-5.60886 2.50645e-13
-5.57196 3.7602e-13
-5.53506 5.62552e-13
-5.49815 8.39292e-13
-5.46125 1.24871e-12
-5.42435 1.85272e-12
-5.38745 2.74129e-12
-5.35055 4.04482e-12
-5.31365 5.9517e-12
-5.27675 8.73333e-12
-5.23985 1.27796e-11
-5.20295 1.86487e-11
-5.16605 2.7138e-11
-5.12915 3.93825e-11
-5.09225 5.69935e-11
-5.05535 8.22511e-11
-5.01845 1.18373e-10
-4.98155 1.69887e-10
-4.94465 2.43143e-10
-4.90775 3.47023e-10
-4.87085 4.9391e-10
-4.83395 7.0102e-10
-4.79705 9.92216e-10
-4.76015 1.40047e-09
-4.72325 1.97122e-09
-4.68635 2.76687e-09
-4.64945 3.87286e-09
-4.61255 5.40589e-09
-4.57565 7.52476e-09
-4.53875 1.0445e-08
-4.50185 1.44582e-08
-4.46494 1.99576e-08
-4.42804 2.74721e-08
-4.39114 3.77105e-08
-4.35424 5.16204e-08
-4.31734 7.04641e-08
-4.28044 9.59181e-08
-4.24354 1.30202e-07
-4.20664 1.76248e-07
-4.16974 2.3791e-07
-4.13284 3.20248e-07
-4.09594 4.29877e-07
-4.05904 5.75419e-07
-4.02214 7.68082e-07
-3.98524 1.02238e-06
-3.94834 1.35706e-06
-3.91144 1.79624e-06
-3.87454 2.37088e-06
-3.83764 3.12058e-06
-3.80074 4.0958e-06
-3.76384 5.36067e-06
-3.72694 6.99642e-06
-3.69004 9.10561e-06
-3.65314 1.18173e-05
-3.61624 1.52932e-05
-3.57934 1.97357e-05
-3.54244 2.53969e-05
-3.50554 3.25896e-05
-3.46863 4.17011e-05
-3.43173 5.32091e-05
-3.39483 6.77005e-05
-3.35793 8.58944e-05
-3.32103 0.000108669
-3.28413 0.000137091
-3.24723 0.000172455
-3.21033 0.000216324
-3.17343 0.000270579
-3.13653 0.000337478
-3.09963 0.000419714
-3.06273 0.000520497
-3.02583 0.000643634
-2.98893 0.000793621
-2.95203 0.000975752
-2.91513 0.00119624
-2.87823 0.00146232
-2.84133 0.00178244
-2.80443 0.00216637
-2.76753 0.00262539
-2.73063 0.00317246
-2.69373 0.00382241
-2.65683 0.00459214
-2.61993 0.00550082
-2.58303 0.0065701
-2.54613 0.00782432
-2.50923 0.00929069
-2.47232 0.0109995
-2.43542 0.0129844
-2.39852 0.0152823
-2.36162 0.0179337
-2.32472 0.0209828
-2.28782 0.0244775
-2.25092 0.0284692
-2.21402 0.0330131
-2.17712 0.0381675
-2.14022 0.0439942
-2.10332 0.0505575
-2.06642 0.0579243
-2.02952 0.0661632
-1.99262 0.0753436
-1.95572 0.0855353
-1.91882 0.0968074
-1.88192 0.109227
-1.84502 0.122858
-1.80812 0.137759
-1.77122 0.153983
-1.73432 0.171576
-1.69742 0.190574
-1.66052 0.211
-1.62362 0.232865
-1.58672 0.256166
-1.54982 0.28088
-1.51292 0.306968
-1.47601 0.334369
-1.43911 0.362998
-1.40221 0.39275
-1.36531 0.423492
-1.32841 0.455067
-1.29151 0.487292
-1.25461 0.519956
-1.21771 0.552823
-1.18081 0.585632
-1.14391 0.618099
-1.10701 0.649916
-1.07011 0.680757
-1.03321 0.710278
-0.99631 0.738124
-0.95941 0.763927
-0.922509 0.787318
-0.885609 0.807925
-0.848708 0.825384
-0.811808 0.83934
-0.774908 0.849453
-0.738007 0.855408
-0.701107 0.856917
-0.664207 0.853725
-0.627306 0.845615
-0.590406 0.832417
-0.553506 0.814005
-0.516605 0.79031
-0.479705 0.761316
-0.442804 0.727065
-0.405904 0.68766
-0.369004 0.643262
-0.332103 0.594095
-0.295203 0.54044
-0.258303 0.482634
-0.221402 0.421067
-0.184502 0.35618
-0.147601 0.288454
-0.110701 0.21841
-0.0738007 0.146601
-0.0369004 0.0736001
-8.88178e-16 1.50435e-15
0.0369004 -0.0736001
0.0738007 -0.146601
0.110701 -0.21841
0.147601 -0.288454
0.184502 -0.35618
0.221402 -0.421067
0.258303 -0.482634
0.295203 -0.54044
0.332103 -0.594095
0.369004 -0.643262
0.405904 -0.68766
0.442804 -0.727065
0.479705 -0.761316
0.516605 -0.79031
0.553506 -0.814005
0.590406 -0.832417
0.627306 -0.845615
0.664207 -0.853725
0.701107 -0.856917
0.738007 -0.855408
0.774908 -0.849453
0.811808 -0.83934
0.848708 -0.825384
0.885609 -0.807925
0.922509 -0.787318
0.95941 -0.763927
0.99631 -0.738124
1.03321 -0.710278
1.07011 -0.680757
1.10701 -0.649916
1.14391 -0.618099
1.18081 -0.585632
1.21771 -0.552823
1.25461 -0.519956
1.29151 -0.487292
1.32841 -0.455067
1.36531 -0.423492
1.40221 -0.39275
1.43911 -0.362998
1.47601 -0.334369
1.51292 -0.306968
1.54982 -0.28088
1.58672 -0.256166
1.62362 -0.232865
1.66052 -0.211
1.69742 -0.190574
1.73432 -0.171576
1.77122 -0.153983
1.80812 -0.137759
1.84502 -0.122858
1.88192 -0.109227
1.91882 -0.0968074
1.95572 -0.0855353
1.99262 -0.0753436
2.02952 -0.0661632
2.06642 -0.0579243
2.10332 -0.0505575
2.14022 -0.0439942
2.17712 -0.0381675
2.21402 -0.0330131
2.25092 -0.0284692
2.28782 -0.0244775
2.32472 -0.0209828
2.36162 -0.0179337
2.39852 -0.0152823
2.43542 -0.0129844
2.47232 -0.0109995
2.50923 -0.00929069
2.54613 -0.00782432
2.58303 -0.0065701
2.61993 -0.00550082
2.65683 -0.00459214
2.69373 -0.00382241
2.73063 -0.00317246
2.76753 -0.00262539
2.80443 -0.00216637
2.84133 -0.00178244
2.87823 -0.00146232
2.91513 -0.00119624
2.95203 -0.000975752
2.98893 -0.000793621
3.02583 -0.000643634
3.06273 -0.000520497
3.09963 -0.000419714
3.13653 -0.000337478
3.17343 -0.000270579
3.21033 -0.000216324
3.24723 -0.000172455
3.28413 -0.000137091
3.32103 -0.000108669
3.35793 -8.58944e-05
3.39483 -6.77005e-05
3.43173 -5.32091e-05
3.46863 -4.17011e-05
3.50554 -3.25896e-05
3.54244 -2.53969e-05
3.57934 -1.97357e-05
3.61624 -1.52932e-05
3.65314 -1.18173e-05
3.69004 -9.10561e-06
3.72694 -6.99642e-06
3.76384 -5.36067e-06
3.80074 -4.0958e-06
3.83764 -3.12058e-06
3.87454 -2.37088e-06
3.91144 -1.79624e-06
3.94834 -1.35706e-06
3.98524 -1.02238e-06
4.02214 -7.68082e-07
4.05904 -5.75419e-07
4.09594 -4.29877e-07
4.13284 -3.20248e-07
4.16974 -2.3791e-07
4.20664 -1.76248e-07
4.24354 -1.30202e-07
4.28044 -9.59181e-08
4.31734 -7.04641e-08
4.35424 -5.16204e-08
4.39114 -3.77105e-08
4.42804 -2.74721e-08
4.46494 -1.99576e-08
4.50185 -1.44582e-08
4.53875 -1.0445e-08
4.57565 -7.52476e-09
4.61255 -5.40589e-09
4.64945 -3.87286e-09
4.68635 -2.76687e-09
4.72325 -1.97122e-09
4.76015 -1.40047e-09
4.79705 -9.92216e-10
4.83395 -7.0102e-10
4.87085 -4.9391e-10
4.90775 -3.47023e-10
4.94465 -2.43143e-10
4.98155 -1.69887e-10
5.01845 -1.18373e-10
5.05535 -8.22511e-11
5.09225 -5.69935e-11
5.12915 -3.93825e-11
5.16605 -2.7138e-11
5.20295 -1.86487e-11
5.23985 -1.27796e-11
5.27675 -8.73333e-12
5.31365 -5.9517e-12
5.35055 -4.04482e-12
5.38745 -2.74129e-12
5.42435 -1.85272e-12
5.46125 -1.24871e-12
5.49815 -8.39292e-13
5.53506 -5.62552e-13
5.57196 -3.7602e-13
5.60886 -2.50645e-13
5.64576 -1.66612e-13
5.68266 -1.10447e-13
5.71956 -7.30132e-14
5.75646 -4.81337e-14
5.79336 -3.16444e-14
5.83026 -2.07465e-14
5.86716 -1.35642e-14
5.90406 -8.84395e-15
5.94096 -5.75041e-15
5.97786 -3.72866e-15
6.01476 -2.41106e-15
6.05166 -1.55477e-15
6.08856 -9.99828e-16
6.12546 -6.41191e-16
6.16236 -4.10064e-16
6.19926 -2.61529e-16
6.23616 -1.66337e-16
6.27306 -1.05503e-16
6.30996 -6.67329e-17
6.34686 -4.2094e-17
6.38376 -2.64792e-17
6.42066 -1.66108e-17
6.45756 -1.03916e-17
6.49446 -6.48305e-18
6.53137 -4.03348e-18
6.56827 -2.50256e-18
6.60517 -1.54844e-18
6.64207 -9.55449e-19
6.67897 -5.87931e-19
6.71587 -3.60786e-19
6.75277 -2.2079e-19
6.78967 -1.34745e-19
6.82657 -8.20076e-20
6.86347 -4.97737e-20
6.90037 -3.01267e-20
6.93727 -1.81848e-20
6.97417 -1.09464e-20
7.01107 -6.57115e-21
7.04797 -3.93384e-21
7.08487 -2.34855e-21
7.12177 -1.39826e-21
7.15867 -8.30201e-22
7.19557 -4.9157e-22
7.23247 -2.90265e-22
7.26937 -1.70927e-22
7.30627 -1.00377e-22
7.34317 -5.87846e-23
7.38007 -3.43322e-23
7.41697 -1.99962e-23
7.45387 -1.16145e-23
7.49077 -6.7276e-24
7.52768 -3.88623e-24
7.56458 -2.23874e-24
7.60148 -1.28614e-24
7.63838 -7.36852e-25
7.67528 -4.20999e-25
7.71218 -2.39877e-25
7.74908 -1.36303e-25
7.78598 -7.72381e-26
7.82288 -4.36481e-26
7.85978 -2.45985e-26
7.89668 -1.38248e-26
7.93358 -7.74853e-27
7.97048 -4.331e-27
8.00738 -2.41416e-27
8.04428 -1.342e-27
8.08118 -7.4396e-28
8.11808 -4.11297e-28
8.15498 -2.26762e-28
8.19188 -1.24679e-28
8.22878 -6.8364e-29
8.26568 -3.73827e-29
8.30258 -2.03856e-29
8.33948 -1.10863e-29
8.37638 -6.01255e-30
8.41328 -3.25193e-30
8.45018 -1.75401e-30
8.48708 -9.43486e-31
8.52399 -5.06113e-31
8.56089 -2.70751e-31
8.59779 -1.44445e-31
8.63469 -7.68503e-32
8.67159 -4.07755e-32
8.70849 -2.15756e-32
8.74539 -1.13851e-32
8.78229 -5.99131e-33
8.81919 -3.14425e-33
8.85609 -1.6456e-33
8.89299 -8.58895e-34
8.92989 -4.47062e-34
8.96679 -2.32063e-34
9.00369 -1.20131e-34
9.04059 -6.20178e-35
9.07749 -3.19292e-35
9.11439 -1.63934e-35
9.15129 -8.3939e-36
9.18819 -4.28616e-36
9.22509 -2.18265e-36
9.26199 -1.10844e-36
9.29889 -5.61373e-37
9.33579 -2.83532e-37
9.37269 -1.42812e-37
9.40959 -7.1736e-38
9.44649 -3.59354e-38
9.48339 -1.79522e-38
9.5203 -8.9439e-39
9.5572 -4.44372e-39
9.5941 -2.20181e-39
9.631 -1.08798e-39
9.6679 -5.3614e-40
9.7048 -2.63479e-40
9.7417 -1.29129e-40
9.7786 -6.31127e-41
9.8155 -3.07624e-41
9.8524 -1.49533e-41
9.8893 -7.24877e-42
9.9262 -3.50433e-42
